Using pre-set license
Built from '2020.3/staging' branch; Version is '2020.3.29f1 (2ff179115da0) revision 3142009'; Using compiler version '192528614'; Build Type 'Release'
OS: 'Windows 10  (10.0.19044) 64bit CoreSingleLanguage' Language: 'ru' Physical Memory: 16333 MB
BatchMode: 1, IsHumanControllingUs: 0, StartBugReporterOnCrash: 0, Is64bit: 1, IsPro: 0

COMMAND LINE ARGUMENTS:
D:\2020.3.29f1\Editor\Unity.exe
-adb2
-batchMode
-noUpm
-name
AssetImportWorker0
-projectPath
C:/Users/Nikita Nikita/Vers
-logFile
Logs/AssetImportWorker0.log
-srvPort
1026
Successfully changed project path to: C:/Users/Nikita Nikita/Vers
C:/Users/Nikita Nikita/Vers
Using Asset Import Pipeline V2.
Refreshing native plugins compatible for Editor in 77.51 ms, found 3 plugins.
Preloading 0 native plugins for Editor in 0.00 ms.
Initialize engine version: 2020.3.29f1 (2ff179115da0)
[Subsystems] Discovering subsystems at path D:/2020.3.29f1/Editor/Data/Resources/UnitySubsystems
[Subsystems] Discovering subsystems at path C:/Users/Nikita Nikita/Vers/Assets
GfxDevice: creating device client; threaded=0
Direct3D:
    Version:  Direct3D 11.0 [level 11.1]
    Renderer: NVIDIA GeForce RTX 2060 (ID=0x1f08)
    Vendor:   
    VRAM:     5968 MB
    Driver:   31.0.15.2647
Initialize mono
Mono path[0] = 'D:/2020.3.29f1/Editor/Data/Managed'
Mono path[1] = 'D:/2020.3.29f1/Editor/Data/MonoBleedingEdge/lib/mono/unityjit'
Mono config path = 'D:/2020.3.29f1/Editor/Data/MonoBleedingEdge/etc'
Using monoOptions --debugger-agent=transport=dt_socket,embedding=1,server=y,suspend=n,address=127.0.0.1:56820
Begin MonoManager ReloadAssembly
Registering precompiled unity dll's ...
Register platform support module: D:/2020.3.29f1/Editor/Data/PlaybackEngines/WebGLSupport/UnityEditor.WebGL.Extensions.dll
Register platform support module: D:/2020.3.29f1/Editor/Data/PlaybackEngines/WindowsStandaloneSupport/UnityEditor.WindowsStandalone.Extensions.dll
Registered in 0.002025 seconds.
Native extension for WindowsStandalone target not found
Native extension for WebGL target not found
Refreshing native plugins compatible for Editor in 73.93 ms, found 3 plugins.
Preloading 0 native plugins for Editor in 0.00 ms.
Mono: successfully reloaded assembly
- Completed reload, in  0.686 seconds
Domain Reload Profiling:
	ReloadAssembly (686ms)
		BeginReloadAssembly (97ms)
			ExecutionOrderSort (0ms)
			DisableScriptedObjects (0ms)
			BackupInstance (0ms)
			ReleaseScriptingObjects (0ms)
			CreateAndSetChildDomain (1ms)
		EndReloadAssembly (513ms)
			LoadAssemblies (98ms)
			RebuildTransferFunctionScriptingTraits (0ms)
			SetupTypeCache (161ms)
			ReleaseScriptCaches (0ms)
			RebuildScriptCaches (31ms)
			SetupLoadedEditorAssemblies (218ms)
				LogAssemblyErrors (0ms)
				InitializePlatformSupportModulesInManaged (6ms)
				SetLoadedEditorAssemblies (0ms)
				RefreshPlugins (74ms)
				BeforeProcessingInitializeOnLoad (17ms)
				ProcessInitializeOnLoadAttributes (90ms)
				ProcessInitializeOnLoadMethodAttributes (31ms)
				AfterProcessingInitializeOnLoad (0ms)
				EditorAssembliesLoaded (0ms)
			ExecutionOrderSort2 (0ms)
			AwakeInstancesAfterBackupRestoration (0ms)
Platform modules already initialized, skipping
Registering precompiled user dll's ...
Registered in 0.006890 seconds.
Begin MonoManager ReloadAssembly
Native extension for WindowsStandalone target not found
Native extension for WebGL target not found
Refreshing native plugins compatible for Editor in 74.71 ms, found 3 plugins.
Preloading 0 native plugins for Editor in 0.00 ms.
Mono: successfully reloaded assembly
- Completed reload, in  1.380 seconds
Domain Reload Profiling:
	ReloadAssembly (1381ms)
		BeginReloadAssembly (201ms)
			ExecutionOrderSort (0ms)
			DisableScriptedObjects (6ms)
			BackupInstance (0ms)
			ReleaseScriptingObjects (0ms)
			CreateAndSetChildDomain (23ms)
		EndReloadAssembly (1112ms)
			LoadAssemblies (154ms)
			RebuildTransferFunctionScriptingTraits (0ms)
			SetupTypeCache (357ms)
			ReleaseScriptCaches (1ms)
			RebuildScriptCaches (60ms)
			SetupLoadedEditorAssemblies (448ms)
				LogAssemblyErrors (0ms)
				InitializePlatformSupportModulesInManaged (4ms)
				SetLoadedEditorAssemblies (1ms)
				RefreshPlugins (75ms)
				BeforeProcessingInitializeOnLoad (121ms)
				ProcessInitializeOnLoadAttributes (223ms)
				ProcessInitializeOnLoadMethodAttributes (21ms)
				AfterProcessingInitializeOnLoad (3ms)
				EditorAssembliesLoaded (0ms)
			ExecutionOrderSort2 (0ms)
			AwakeInstancesAfterBackupRestoration (8ms)
Platform modules already initialized, skipping
========================================================================
Worker process is ready to serve import requests
Launched and connected shader compiler UnityShaderCompiler.exe after 0.06 seconds
Refreshing native plugins compatible for Editor in 0.76 ms, found 3 plugins.
Preloading 0 native plugins for Editor in 0.00 ms.
Unloading 3306 Unused Serialized files (Serialized files now loaded: 0)
System memory in use before: 139.9 MB.
System memory in use after: 140.0 MB.

Unloading 31 unused Assets to reduce memory usage. Loaded Objects now: 3739.
Total: 5.987500 ms (FindLiveObjects: 0.377800 ms CreateObjectMapping: 0.123800 ms MarkObjects: 5.243300 ms  DeleteObjects: 0.241100 ms)

AssetImportParameters requested are different than current active one (requested -> active):
  custom:framework-win-MediaFoundation: 216162199b28c13a410421893ffa2e32 -> 
  custom:video-decoder-ogg-theora: a1e56fd34408186e4bbccfd4996cb3dc -> 
  custom:container-muxer-webm: aa71ff27fc2769a1b78a27578f13a17b -> 
  custom:container-demuxer-webm: 4f35f7cbe854078d1ac9338744f61a02 -> 
  custom:container-demuxer-ogg: 62fdf1f143b41e24485cea50d1cbac27 -> 
  custom:video-encoder-webm-vp8: eb34c28f22e8b96e1ab97ce403110664 -> 
  custom:video-decoder-webm-vp8: 9c59270c3fd7afecdb556c50c9e8de78 -> 
  custom:audio-decoder-ogg-vorbis: bf7c407c2cedff20999df2af8eb42d56 -> 
  custom:audio-encoder-webm-vorbis: bf7c407c2cedff20999df2af8eb42d56 -> 
========================================================================
Received Import Request.
  path: Assets/Scenes/Partical_Render.unity
  artifactKey: Guid(84d9bcaca1fce304995c444da5e29cb6) Importer(815301076,1909f56bfc062723c751e8b465ee728b)
Start importing Assets/Scenes/Partical_Render.unity using Guid(84d9bcaca1fce304995c444da5e29cb6) Importer(815301076,1909f56bfc062723c751e8b465ee728b)  -> (artifact id: '6818dcb9385ff55b080c5aa77ffbb49f') in 0.030714 seconds 
  Import took 0.038326 seconds .

========================================================================
Received Import Request.
  Time since last request: 3.805124 seconds.
  path: ProjectSettings/TagManager.asset
  artifactKey: Guid(00000000000000003000000000000000) Importer(815301076,1909f56bfc062723c751e8b465ee728b)
Start importing ProjectSettings/TagManager.asset using Guid(00000000000000003000000000000000) Importer(815301076,1909f56bfc062723c751e8b465ee728b)  -> (artifact id: '342d103e5105cfb66c40dc9b9a870b9e') in 0.035833 seconds 
  Import took 0.040912 seconds .

========================================================================
Received Import Request.
  Time since last request: 1007.072615 seconds.
  path: Assets/New Folder/UniversalRenderPipelineAsset.asset
  artifactKey: Guid(f1231c8e344427a4aa270763a4fda7be) Importer(815301076,1909f56bfc062723c751e8b465ee728b)
Start importing Assets/New Folder/UniversalRenderPipelineAsset.asset using Guid(f1231c8e344427a4aa270763a4fda7be) Importer(815301076,1909f56bfc062723c751e8b465ee728b)  -> (artifact id: 'f101ce8d8a6607cf3cd9ddc07618e657') in 0.047026 seconds 
  Import took 0.052903 seconds .

========================================================================
Received Import Request.
  Time since last request: 0.000214 seconds.
  path: Assets/New Folder/UniversalRenderPipelineAsset_Renderer.asset
  artifactKey: Guid(9e0c61677e0a33045ac02a068eec839e) Importer(815301076,1909f56bfc062723c751e8b465ee728b)
Start importing Assets/New Folder/UniversalRenderPipelineAsset_Renderer.asset using Guid(9e0c61677e0a33045ac02a068eec839e) Importer(815301076,1909f56bfc062723c751e8b465ee728b)  -> (artifact id: 'f84344deedc012d152f978d098dd5823') in 0.031126 seconds 
  Import took 0.036725 seconds .

========================================================================
Received Import Request.
  Time since last request: 55.663464 seconds.
  path: Assets/New Folder/New 2D Renderer Data.asset
  artifactKey: Guid(3ab24bf188ac2f24f9096c012e11ee7a) Importer(815301076,1909f56bfc062723c751e8b465ee728b)
Start importing Assets/New Folder/New 2D Renderer Data.asset using Guid(3ab24bf188ac2f24f9096c012e11ee7a) Importer(815301076,1909f56bfc062723c751e8b465ee728b)  -> (artifact id: '4fb9f8dd8c30a4d4f831e613dc01599d') in 0.029373 seconds 
  Import took 0.035010 seconds .

========================================================================
Received Prepare
Switching render pipeline 00000000000000000000000000000000 -> f1231c8e344427a4aa270763a4fda7be
Refreshing native plugins compatible for Editor in 6.26 ms, found 3 plugins.
Preloading 0 native plugins for Editor in 0.00 ms.
Unloading 20 Unused Serialized files (Serialized files now loaded: 0)
System memory in use before: 70.9 MB.
System memory in use after: 71.0 MB.

Unloading 20 unused Assets to reduce memory usage. Loaded Objects now: 3740.
Total: 4.971700 ms (FindLiveObjects: 0.310400 ms CreateObjectMapping: 0.089100 ms MarkObjects: 4.415200 ms  DeleteObjects: 0.155800 ms)

AssetImportParameters requested are different than current active one (requested -> active):
  custom:framework-win-MediaFoundation: 216162199b28c13a410421893ffa2e32 -> 
  custom:video-decoder-ogg-theora: a1e56fd34408186e4bbccfd4996cb3dc -> 
  custom:container-muxer-webm: aa71ff27fc2769a1b78a27578f13a17b -> 
  custom:container-demuxer-webm: 4f35f7cbe854078d1ac9338744f61a02 -> 
  custom:container-demuxer-ogg: 62fdf1f143b41e24485cea50d1cbac27 -> 
  custom:srp/default-shader: 0000e00a000e0de00000e000e02d0000 -> 0000e00a000e0de00000e000e0000000
  custom:video-encoder-webm-vp8: eb34c28f22e8b96e1ab97ce403110664 -> 
  custom:video-decoder-webm-vp8: 9c59270c3fd7afecdb556c50c9e8de78 -> 
  custom:audio-decoder-ogg-vorbis: bf7c407c2cedff20999df2af8eb42d56 -> 
  custom:audio-encoder-webm-vorbis: bf7c407c2cedff20999df2af8eb42d56 -> 
========================================================================
Received Import Request.
  Time since last request: 76.092351 seconds.
  path: Assets/New Folder/UniversalRenderPipelineAsset.asset
  artifactKey: Guid(f1231c8e344427a4aa270763a4fda7be) Importer(815301076,1909f56bfc062723c751e8b465ee728b)
Start importing Assets/New Folder/UniversalRenderPipelineAsset.asset using Guid(f1231c8e344427a4aa270763a4fda7be) Importer(815301076,1909f56bfc062723c751e8b465ee728b)  -> (artifact id: '76d6f916a0a06807718bae403e3db2bd') in 0.008853 seconds 
  Import took 0.014026 seconds .

========================================================================
Received Import Request.
  Time since last request: 26.355706 seconds.
  path: Assets/New Folder/New Material.mat
  artifactKey: Guid(f7fcb09f2df521243acf96d676b21cf4) Importer(815301076,1909f56bfc062723c751e8b465ee728b)
Start importing Assets/New Folder/New Material.mat using Guid(f7fcb09f2df521243acf96d676b21cf4) Importer(815301076,1909f56bfc062723c751e8b465ee728b)  -> (artifact id: 'b6adb2839c7409df481d06b0d4835de6') in 0.154858 seconds 
  Import took 0.160150 seconds .

========================================================================
Received Import Request.
  Time since last request: 43.086020 seconds.
  path: Assets/New Folder/Ground.physicsMaterial2D
  artifactKey: Guid(3387f4551cdd76d4d9c33844a9fb498b) Importer(815301076,1909f56bfc062723c751e8b465ee728b)
Start importing Assets/New Folder/Ground.physicsMaterial2D using Guid(3387f4551cdd76d4d9c33844a9fb498b) Importer(815301076,1909f56bfc062723c751e8b465ee728b)  -> (artifact id: '58bec50d2562786d000eafb43db16a2a') in 0.013032 seconds 
  Import took 0.018610 seconds .

========================================================================
Received Import Request.
  Time since last request: 0.000233 seconds.
  path: Assets/New Folder/New 2D Renderer Data.asset
  artifactKey: Guid(3ab24bf188ac2f24f9096c012e11ee7a) Importer(815301076,1909f56bfc062723c751e8b465ee728b)
Start importing Assets/New Folder/New 2D Renderer Data.asset using Guid(3ab24bf188ac2f24f9096c012e11ee7a) Importer(815301076,1909f56bfc062723c751e8b465ee728b)  -> (artifact id: '0cca96d17b7d8804081798f448c92b5c') in 0.023058 seconds 
  Import took 0.028733 seconds .

AssetImportWorkerClient::OnTransportError - code=2 error=End of file
